-------------------------------------------------------------------------------
Test set: com.typecasters.apitowerofwords.ApiTowerOfWordsApplicationTests
-------------------------------------------------------------------------------
Tests run: 1, Failures: 0, Errors: 1, Skipped: 0, Time elapsed: 14.701 s <<< FAILURE! - in com.typecasters.apitowerofwords.ApiTowerOfWordsApplicationTests
contextLoads  Time elapsed: 0.002 s  <<< ERROR!
java.lang.IllegalStateException: Failed to load ApplicationContext
Caused by: org.springframework.beans.factory.BeanCreationException: Error creating bean with name 'entityManagerFactory' defined in class path resource [org/springframework/boot/autoconfigure/orm/jpa/HibernateJpaConfiguration.class]: Invocation of init method failed; nested exception is org.hibernate.DuplicateMappingException: Table [tbl_user_details] contains physical column name [user_id] referred to by multiple logical column names: [userId], [user_id]
Caused by: org.hibernate.DuplicateMappingException: Table [tbl_user_details] contains physical column name [user_id] referred to by multiple logical column names: [userId], [user_id]

